c:\users\aimar\onedrive\escritorio\program1\pbl\pbl\x64\debug\vc143.pdb
c:\users\aimar\onedrive\escritorio\program1\pbl\pbl\x64\debug\vc143.idb
c:\users\aimar\onedrive\escritorio\program1\pbl\pbl\x64\debug\mapa.obj
c:\users\aimar\onedrive\escritorio\program1\pbl\pbl\x64\debug\main.obj
c:\users\aimar\onedrive\escritorio\program1\pbl\pbl\x64\debug\ini_close.obj
c:\users\aimar\onedrive\escritorio\program1\pbl\pbl\x64\debug\raton.obj
c:\users\aimar\onedrive\escritorio\program1\pbl\pbl\x64\debug\botones.obj
c:\users\aimar\onedrive\escritorio\program1\pbl\pbl\x64\debug\menu.obj
c:\users\aimar\onedrive\escritorio\program1\pbl\pbl\x64\debug\mover_fitxa.obj
c:\users\aimar\onedrive\escritorio\program1\pbl\pbl\x64\debug\trivial.obj
c:\users\aimar\onedrive\escritorio\program1\pbl\pbl\x64\debug\dado.obj
c:\users\aimar\onedrive\escritorio\program1\pbl\x64\debug\pbl.exe
c:\users\aimar\onedrive\escritorio\program1\pbl\pbl\x64\debug\pbl.ilk
c:\users\aimar\onedrive\escritorio\program1\pbl\x64\debug\pbl.pdb
c:\users\aimar\onedrive\escritorio\program1\pbl\pbl\x64\debug\pbl.tlog\cl.command.1.tlog
c:\users\aimar\onedrive\escritorio\program1\pbl\pbl\x64\debug\pbl.tlog\cl.read.1.tlog
c:\users\aimar\onedrive\escritorio\program1\pbl\pbl\x64\debug\pbl.tlog\cl.write.1.tlog
c:\users\aimar\onedrive\escritorio\program1\pbl\pbl\x64\debug\pbl.tlog\link.command.1.tlog
c:\users\aimar\onedrive\escritorio\program1\pbl\pbl\x64\debug\pbl.tlog\link.read.1.tlog
c:\users\aimar\onedrive\escritorio\program1\pbl\pbl\x64\debug\pbl.tlog\link.write.1.tlog
